{"F:\\AntTable\\admin\\src\\components\\auth\\Login.tsx": {"path":"F:\\AntTable\\admin\\src\\components\\auth\\Login.tsx","statementMap":{"0":{"start":{"line":1,"column":0},"end":{"line":1,"column":40}},"1":{"start":{"line":2,"column":0},"end":{"line":2,"column":48}},"2":{"start":{"line":3,"column":0},"end":{"line":3,"column":42}},"3":{"start":{"line":4,"column":0},"end":{"line":4,"column":47}},"4":{"start":{"line":5,"column":0},"end":{"line":5,"column":38}},"5":{"start":{"line":7,"column":14},"end":{"line":53,"column":1}},"6":{"start":{"line":8,"column":28},"end":{"line":8,"column":48}},"7":{"start":{"line":9,"column":19},"end":{"line":9,"column":32}},"8":{"start":{"line":10,"column":23},"end":{"line":12,"column":3}},"9":{"start":{"line":11,"column":4},"end":{"line":11,"column":33}},"10":{"start":{"line":14,"column":23},"end":{"line":20,"column":3}},"11":{"start":{"line":15,"column":4},"end":{"line":15,"column":27}},"12":{"start":{"line":16,"column":4},"end":{"line":18,"column":5}},"13":{"start":{"line":17,"column":6},"end":{"line":17,"column":23}},"14":{"start":{"line":19,"column":4},"end":{"line":19,"column":27}},"15":{"start":{"line":22,"column":2},"end":{"line":52,"column":4}},"16":{"start":{"line":55,"column":0},"end":{"line":55,"column":21}}},"fnMap":{"0":{"name":"(anonymous_1)","decl":{"start":{"line":7,"column":14},"end":{"line":7,"column":15}},"loc":{"start":{"line":7,"column":72},"end":{"line":53,"column":1}}},"1":{"name":"(anonymous_2)","decl":{"start":{"line":10,"column":23},"end":{"line":10,"column":24}},"loc":{"start":{"line":10,"column":70},"end":{"line":12,"column":3}}},"2":{"name":"(anonymous_3)","decl":{"start":{"line":14,"column":23},"end":{"line":14,"column":24}},"loc":{"start":{"line":14,"column":50},"end":{"line":20,"column":3}}}},"branchMap":{"0":{"loc":{"start":{"line":16,"column":4},"end":{"line":18,"column":5}},"type":"if","locations":[{"start":{"line":16,"column":4},"end":{"line":18,"column":5}}]},"1":{"loc":{"start":{"line":37,"column":19},"end":{"line":37,"column":30}},"type":"binary-expr","locations":[{"start":{"line":37,"column":19},"end":{"line":37,"column":24}},{"start":{"line":37,"column":28},"end":{"line":37,"column":30}}]}},"s":{"0":1,"1":1,"2":1,"3":1,"4":1,"5":1,"6":2,"7":2,"8":2,"9":1,"10":2,"11":1,"12":1,"13":1,"14":1,"15":2,"16":1},"f":{"0":2,"1":1,"2":1},"b":{"0":[1],"1":[2,1]}}
,"F:\\AntTable\\admin\\src\\components\\auth\\PageNotFound.tsx": {"path":"F:\\AntTable\\admin\\src\\components\\auth\\PageNotFound.tsx","statementMap":{"0":{"start":{"line":2,"column":0},"end":{"line":2,"column":39}},"1":{"start":{"line":3,"column":0},"end":{"line":3,"column":50}},"2":{"start":{"line":4,"column":0},"end":{"line":4,"column":36}},"3":{"start":{"line":5,"column":0},"end":{"line":5,"column":42}},"4":{"start":{"line":6,"column":0},"end":{"line":6,"column":40}},"5":{"start":{"line":8,"column":31},"end":{"line":39,"column":1}},"6":{"start":{"line":9,"column":2},"end":{"line":38,"column":4}},"7":{"start":{"line":41,"column":0},"end":{"line":41,"column":28}}},"fnMap":{"0":{"name":"(anonymous_1)","decl":{"start":{"line":8,"column":31},"end":{"line":8,"column":34}},"loc":{"start":{"line":8,"column":36},"end":{"line":39,"column":1}}}},"branchMap":{},"s":{"0":1,"1":1,"2":1,"3":1,"4":1,"5":1,"6":2,"7":1},"f":{"0":2},"b":{}}
,"F:\\AntTable\\admin\\src\\components\\layouts\\Layout.tsx": {"path":"F:\\AntTable\\admin\\src\\components\\layouts\\Layout.tsx","statementMap":{"0":{"start":{"line":1,"column":0},"end":{"line":1,"column":36}},"1":{"start":{"line":2,"column":0},"end":{"line":2,"column":52}},"2":{"start":{"line":3,"column":0},"end":{"line":3,"column":38}},"3":{"start":{"line":6,"column":15},"end":{"line":16,"column":1}},"4":{"start":{"line":7,"column":2},"end":{"line":15,"column":4}},"5":{"start":{"line":18,"column":0},"end":{"line":18,"column":22}}},"fnMap":{"0":{"name":"(anonymous_1)","decl":{"start":{"line":6,"column":15},"end":{"line":6,"column":16}},"loc":{"start":{"line":6,"column":57},"end":{"line":16,"column":1}}}},"branchMap":{},"s":{"0":3,"1":3,"2":3,"3":3,"4":5,"5":3},"f":{"0":5},"b":{}}
,"F:\\AntTable\\admin\\src\\components\\layouts\\MiniDrawer.tsx": {"path":"F:\\AntTable\\admin\\src\\components\\layouts\\MiniDrawer.tsx","statementMap":{"0":{"start":{"line":1,"column":0},"end":{"line":1,"column":31}},"1":{"start":{"line":2,"column":0},"end":{"line":2,"column":74}},"2":{"start":{"line":3,"column":0},"end":{"line":3,"column":36}},"3":{"start":{"line":4,"column":0},"end":{"line":4,"column":45}},"4":{"start":{"line":5,"column":0},"end":{"line":5,"column":80}},"5":{"start":{"line":6,"column":0},"end":{"line":6,"column":44}},"6":{"start":{"line":7,"column":0},"end":{"line":7,"column":38}},"7":{"start":{"line":8,"column":0},"end":{"line":8,"column":52}},"8":{"start":{"line":9,"column":0},"end":{"line":9,"column":50}},"9":{"start":{"line":10,"column":0},"end":{"line":10,"column":44}},"10":{"start":{"line":11,"column":0},"end":{"line":11,"column":50}},"11":{"start":{"line":12,"column":0},"end":{"line":12,"column":48}},"12":{"start":{"line":13,"column":0},"end":{"line":13,"column":62}},"13":{"start":{"line":14,"column":0},"end":{"line":14,"column":64}},"14":{"start":{"line":15,"column":0},"end":{"line":15,"column":46}},"15":{"start":{"line":16,"column":0},"end":{"line":16,"column":58}},"16":{"start":{"line":17,"column":0},"end":{"line":17,"column":54}},"17":{"start":{"line":18,"column":0},"end":{"line":18,"column":54}},"18":{"start":{"line":19,"column":0},"end":{"line":19,"column":56}},"19":{"start":{"line":20,"column":0},"end":{"line":20,"column":48}},"20":{"start":{"line":21,"column":0},"end":{"line":21,"column":40}},"21":{"start":{"line":22,"column":0},"end":{"line":22,"column":42}},"22":{"start":{"line":24,"column":20},"end":{"line":24,"column":23}},"23":{"start":{"line":26,"column":20},"end":{"line":33,"column":2}},"24":{"start":{"line":26,"column":50},"end":{"line":33,"column":2}},"25":{"start":{"line":35,"column":20},"end":{"line":45,"column":2}},"26":{"start":{"line":35,"column":50},"end":{"line":45,"column":2}},"27":{"start":{"line":47,"column":21},"end":{"line":53,"column":3}},"28":{"start":{"line":47,"column":51},"end":{"line":53,"column":2}},"29":{"start":{"line":59,"column":15},"end":{"line":75,"column":3}},"30":{"start":{"line":60,"column":31},"end":{"line":60,"column":46}},"31":{"start":{"line":61,"column":38},"end":{"line":75,"column":2}},"32":{"start":{"line":77,"column":15},"end":{"line":92,"column":3}},"33":{"start":{"line":78,"column":31},"end":{"line":78,"column":46}},"34":{"start":{"line":79,"column":25},"end":{"line":92,"column":2}},"35":{"start":{"line":95,"column":16},"end":{"line":95,"column":26}},"36":{"start":{"line":96,"column":26},"end":{"line":96,"column":47}},"37":{"start":{"line":98,"column":27},"end":{"line":100,"column":3}},"38":{"start":{"line":99,"column":4},"end":{"line":99,"column":18}},"39":{"start":{"line":102,"column":28},"end":{"line":104,"column":3}},"40":{"start":{"line":103,"column":4},"end":{"line":103,"column":19}},"41":{"start":{"line":106,"column":2},"end":{"line":184,"column":4}},"42":{"start":{"line":155,"column":12},"end":{"line":155,"column":33}},"43":{"start":{"line":94,"column":0},"end":{"line":94,"column":24}}},"fnMap":{"0":{"name":"(anonymous_7)","decl":{"start":{"line":26,"column":20},"end":{"line":26,"column":21}},"loc":{"start":{"line":26,"column":50},"end":{"line":33,"column":2}}},"1":{"name":"(anonymous_8)","decl":{"start":{"line":35,"column":20},"end":{"line":35,"column":21}},"loc":{"start":{"line":35,"column":50},"end":{"line":45,"column":2}}},"2":{"name":"(anonymous_9)","decl":{"start":{"line":47,"column":35},"end":{"line":47,"column":36}},"loc":{"start":{"line":47,"column":51},"end":{"line":53,"column":2}}},"3":{"name":"(anonymous_10)","decl":{"start":{"line":60,"column":21},"end":{"line":60,"column":22}},"loc":{"start":{"line":60,"column":31},"end":{"line":60,"column":46}}},"4":{"name":"(anonymous_11)","decl":{"start":{"line":61,"column":16},"end":{"line":61,"column":17}},"loc":{"start":{"line":61,"column":38},"end":{"line":75,"column":2}}},"5":{"name":"(anonymous_12)","decl":{"start":{"line":78,"column":21},"end":{"line":78,"column":22}},"loc":{"start":{"line":78,"column":31},"end":{"line":78,"column":46}}},"6":{"name":"(anonymous_13)","decl":{"start":{"line":79,"column":3},"end":{"line":79,"column":4}},"loc":{"start":{"line":79,"column":25},"end":{"line":92,"column":2}}},"7":{"name":"MiniDrawer","decl":{"start":{"line":94,"column":24},"end":{"line":94,"column":34}},"loc":{"start":{"line":94,"column":34},"end":{"line":185,"column":1}}},"8":{"name":"(anonymous_15)","decl":{"start":{"line":98,"column":27},"end":{"line":98,"column":30}},"loc":{"start":{"line":98,"column":32},"end":{"line":100,"column":3}}},"9":{"name":"(anonymous_16)","decl":{"start":{"line":102,"column":28},"end":{"line":102,"column":31}},"loc":{"start":{"line":102,"column":33},"end":{"line":104,"column":3}}},"10":{"name":"(anonymous_17)","decl":{"start":{"line":154,"column":16},"end":{"line":154,"column":17}},"loc":{"start":{"line":155,"column":12},"end":{"line":155,"column":33}}}},"branchMap":{"0":{"loc":{"start":{"line":67,"column":6},"end":{"line":74,"column":4}},"type":"binary-expr","locations":[{"start":{"line":67,"column":6},"end":{"line":67,"column":10}},{"start":{"line":67,"column":14},"end":{"line":74,"column":4}}]},"1":{"loc":{"start":{"line":84,"column":6},"end":{"line":87,"column":4}},"type":"binary-expr","locations":[{"start":{"line":84,"column":6},"end":{"line":84,"column":10}},{"start":{"line":84,"column":14},"end":{"line":87,"column":4}}]},"2":{"loc":{"start":{"line":88,"column":6},"end":{"line":91,"column":4}},"type":"binary-expr","locations":[{"start":{"line":88,"column":6},"end":{"line":88,"column":11}},{"start":{"line":88,"column":15},"end":{"line":91,"column":4}}]},"3":{"loc":{"start":{"line":118,"column":18},"end":{"line":118,"column":45}},"type":"binary-expr","locations":[{"start":{"line":118,"column":18},"end":{"line":118,"column":22}},{"start":{"line":118,"column":26},"end":{"line":118,"column":45}}]},"4":{"loc":{"start":{"line":136,"column":13},"end":{"line":139,"column":null}},"type":"cond-expr","locations":[{"start":{"line":137,"column":14},"end":{"line":137,"column":34}},{"start":{"line":139,"column":14},"end":{"line":139,"column":33}}]},"5":{"loc":{"start":{"line":161,"column":34},"end":{"line":161,"column":61}},"type":"cond-expr","locations":[{"start":{"line":161,"column":41},"end":{"line":161,"column":50}},{"start":{"line":161,"column":53},"end":{"line":161,"column":61}}]},"6":{"loc":{"start":{"line":168,"column":24},"end":{"line":168,"column":41}},"type":"cond-expr","locations":[{"start":{"line":168,"column":31},"end":{"line":168,"column":32}},{"start":{"line":168,"column":35},"end":{"line":168,"column":41}}]},"7":{"loc":{"start":{"line":174,"column":60},"end":{"line":174,"column":72}},"type":"cond-expr","locations":[{"start":{"line":174,"column":67},"end":{"line":174,"column":68}},{"start":{"line":174,"column":71},"end":{"line":174,"column":72}}]}},"s":{"0":3,"1":3,"2":3,"3":3,"4":3,"5":3,"6":3,"7":3,"8":3,"9":3,"10":3,"11":3,"12":3,"13":3,"14":3,"15":3,"16":3,"17":3,"18":3,"19":3,"20":3,"21":3,"22":3,"23":3,"24":0,"25":3,"26":10,"27":3,"28":10,"29":3,"30":18,"31":5,"32":3,"33":18,"34":5,"35":5,"36":5,"37":5,"38":0,"39":5,"40":0,"41":5,"42":10,"43":3},"f":{"0":0,"1":10,"2":10,"3":18,"4":5,"5":18,"6":5,"7":5,"8":0,"9":0,"10":10},"b":{"0":[5,0],"1":[5,0],"2":[5,5],"3":[5,0],"4":[0,5],"5":[0,10],"6":[0,10],"7":[0,10]}}
,"F:\\AntTable\\admin\\src\\components\\pages\\Add.tsx": {"path":"F:\\AntTable\\admin\\src\\components\\pages\\Add.tsx","statementMap":{"0":{"start":{"line":1,"column":0},"end":{"line":1,"column":53}},"1":{"start":{"line":2,"column":0},"end":{"line":2,"column":null}},"2":{"start":{"line":13,"column":0},"end":{"line":13,"column":50}},"3":{"start":{"line":15,"column":0},"end":{"line":15,"column":39}},"4":{"start":{"line":16,"column":0},"end":{"line":16,"column":46}},"5":{"start":{"line":17,"column":0},"end":{"line":17,"column":47}},"6":{"start":{"line":19,"column":12},"end":{"line":298,"column":1}},"7":{"start":{"line":20,"column":34},"end":{"line":29,"column":4}},"8":{"start":{"line":31,"column":30},"end":{"line":40,"column":4}},"9":{"start":{"line":42,"column":40},"end":{"line":42,"column":61}},"10":{"start":{"line":44,"column":20},"end":{"line":44,"column":41}},"11":{"start":{"line":45,"column":19},"end":{"line":45,"column":32}},"12":{"start":{"line":47,"column":23},"end":{"line":88,"column":3}},"13":{"start":{"line":48,"column":18},"end":{"line":48,"column":22}},"14":{"start":{"line":49,"column":30},"end":{"line":56,"column":6}},"15":{"start":{"line":57,"column":4},"end":{"line":60,"column":5}},"16":{"start":{"line":58,"column":6},"end":{"line":58,"column":53}},"17":{"start":{"line":59,"column":6},"end":{"line":59,"column":22}},"18":{"start":{"line":61,"column":4},"end":{"line":64,"column":5}},"19":{"start":{"line":62,"column":6},"end":{"line":62,"column":51}},"20":{"start":{"line":63,"column":6},"end":{"line":63,"column":22}},"21":{"start":{"line":65,"column":4},"end":{"line":68,"column":5}},"22":{"start":{"line":66,"column":6},"end":{"line":66,"column":55}},"23":{"start":{"line":67,"column":6},"end":{"line":67,"column":22}},"24":{"start":{"line":70,"column":23},"end":{"line":70,"column":51}},"25":{"start":{"line":71,"column":4},"end":{"line":74,"column":5}},"26":{"start":{"line":72,"column":6},"end":{"line":72,"column":48}},"27":{"start":{"line":73,"column":6},"end":{"line":73,"column":22}},"28":{"start":{"line":76,"column":4},"end":{"line":79,"column":5}},"29":{"start":{"line":77,"column":6},"end":{"line":77,"column":73}},"30":{"start":{"line":78,"column":6},"end":{"line":78,"column":22}},"31":{"start":{"line":80,"column":4},"end":{"line":83,"column":5}},"32":{"start":{"line":81,"column":6},"end":{"line":81,"column":53}},"33":{"start":{"line":82,"column":6},"end":{"line":82,"column":22}},"34":{"start":{"line":85,"column":4},"end":{"line":85,"column":25}},"35":{"start":{"line":86,"column":4},"end":{"line":86,"column":28}},"36":{"start":{"line":87,"column":4},"end":{"line":87,"column":19}},"37":{"start":{"line":90,"column":23},"end":{"line":99,"column":3}},"38":{"start":{"line":91,"column":28},"end":{"line":91,"column":36}},"39":{"start":{"line":93,"column":4},"end":{"line":96,"column":7}},"40":{"start":{"line":98,"column":4},"end":{"line":98,"column":19}},"41":{"start":{"line":101,"column":23},"end":{"line":112,"column":3}},"42":{"start":{"line":102,"column":4},"end":{"line":102,"column":23}},"43":{"start":{"line":104,"column":65},"end":{"line":104,"column":73}},"44":{"start":{"line":105,"column":4},"end":{"line":111,"column":5}},"45":{"start":{"line":106,"column":21},"end":{"line":106,"column":79}},"46":{"start":{"line":107,"column":6},"end":{"line":107,"column":42}},"47":{"start":{"line":108,"column":6},"end":{"line":108,"column":25}},"48":{"start":{"line":110,"column":6},"end":{"line":110,"column":25}},"49":{"start":{"line":114,"column":2},"end":{"line":297,"column":4}},"50":{"start":{"line":300,"column":0},"end":{"line":300,"column":19}}},"fnMap":{"0":{"name":"(anonymous_7)","decl":{"start":{"line":19,"column":12},"end":{"line":19,"column":15}},"loc":{"start":{"line":19,"column":17},"end":{"line":298,"column":1}}},"1":{"name":"(anonymous_8)","decl":{"start":{"line":47,"column":23},"end":{"line":47,"column":26}},"loc":{"start":{"line":47,"column":28},"end":{"line":88,"column":3}}},"2":{"name":"(anonymous_9)","decl":{"start":{"line":90,"column":23},"end":{"line":90,"column":24}},"loc":{"start":{"line":90,"column":66},"end":{"line":99,"column":3}}},"3":{"name":"(anonymous_10)","decl":{"start":{"line":101,"column":23},"end":{"line":101,"column":28}},"loc":{"start":{"line":101,"column":46},"end":{"line":112,"column":3}}}},"branchMap":{"0":{"loc":{"start":{"line":57,"column":4},"end":{"line":60,"column":5}},"type":"if","locations":[{"start":{"line":57,"column":4},"end":{"line":60,"column":5}}]},"1":{"loc":{"start":{"line":61,"column":4},"end":{"line":64,"column":5}},"type":"if","locations":[{"start":{"line":61,"column":4},"end":{"line":64,"column":5}}]},"2":{"loc":{"start":{"line":65,"column":4},"end":{"line":68,"column":5}},"type":"if","locations":[{"start":{"line":65,"column":4},"end":{"line":68,"column":5}}]},"3":{"loc":{"start":{"line":71,"column":4},"end":{"line":74,"column":5}},"type":"if","locations":[{"start":{"line":71,"column":4},"end":{"line":74,"column":5}}]},"4":{"loc":{"start":{"line":76,"column":4},"end":{"line":79,"column":5}},"type":"if","locations":[{"start":{"line":76,"column":4},"end":{"line":79,"column":5}}]},"5":{"loc":{"start":{"line":80,"column":4},"end":{"line":83,"column":5}},"type":"if","locations":[{"start":{"line":80,"column":4},"end":{"line":83,"column":5}}]},"6":{"loc":{"start":{"line":218,"column":11},"end":{"line":258,"column":null}},"type":"binary-expr","locations":[{"start":{"line":218,"column":11},"end":{"line":218,"column":29}},{"start":{"line":219,"column":12},"end":{"line":257,"column":null}}]}},"s":{"0":1,"1":1,"2":1,"3":1,"4":1,"5":1,"6":1,"7":7,"8":6,"9":6,"10":6,"11":6,"12":2,"13":0,"14":0,"15":0,"16":0,"17":0,"18":0,"19":0,"20":0,"21":0,"22":0,"23":0,"24":0,"25":0,"26":0,"27":0,"28":0,"29":0,"30":0,"31":0,"32":0,"33":0,"34":0,"35":0,"36":0,"37":2,"38":0,"39":0,"40":0,"41":2,"42":0,"43":0,"44":0,"45":0,"46":0,"47":0,"48":0,"49":2,"50":1},"f":{"0":7,"1":0,"2":0,"3":0},"b":{"0":[0],"1":[0],"2":[0],"3":[0],"4":[0],"5":[0],"6":[2,2]}}
,"F:\\AntTable\\admin\\src\\components\\pages\\Table.tsx": {"path":"F:\\AntTable\\admin\\src\\components\\pages\\Table.tsx","statementMap":{"0":{"start":{"line":1,"column":0},"end":{"line":1,"column":63}},"1":{"start":{"line":2,"column":0},"end":{"line":2,"column":56}},"2":{"start":{"line":3,"column":0},"end":{"line":3,"column":40}},"3":{"start":{"line":4,"column":0},"end":{"line":4,"column":42}},"4":{"start":{"line":5,"column":0},"end":{"line":5,"column":50}},"5":{"start":{"line":6,"column":0},"end":{"line":6,"column":39}},"6":{"start":{"line":7,"column":0},"end":{"line":7,"column":46}},"7":{"start":{"line":8,"column":0},"end":{"line":8,"column":50}},"8":{"start":{"line":9,"column":0},"end":{"line":9,"column":44}},"9":{"start":{"line":11,"column":30},"end":{"line":17,"column":2}},"10":{"start":{"line":19,"column":24},"end":{"line":103,"column":1}},"11":{"start":{"line":20,"column":28},"end":{"line":20,"column":47}},"12":{"start":{"line":21,"column":38},"end":{"line":21,"column":67}},"13":{"start":{"line":23,"column":20},"end":{"line":23,"column":41}},"14":{"start":{"line":25,"column":26},"end":{"line":28,"column":3}},"15":{"start":{"line":26,"column":23},"end":{"line":26,"column":36}},"16":{"start":{"line":27,"column":4},"end":{"line":27,"column":22}},"17":{"start":{"line":30,"column":2},"end":{"line":44,"column":9}},"18":{"start":{"line":31,"column":22},"end":{"line":42,"column":5}},"19":{"start":{"line":32,"column":6},"end":{"line":41,"column":7}},"20":{"start":{"line":33,"column":25},"end":{"line":33,"column":50}},"21":{"start":{"line":34,"column":30},"end":{"line":37,"column":11}},"22":{"start":{"line":34,"column":73},"end":{"line":37,"column":10}},"23":{"start":{"line":38,"column":8},"end":{"line":38,"column":32}},"24":{"start":{"line":40,"column":8},"end":{"line":40,"column":27}},"25":{"start":{"line":43,"column":4},"end":{"line":43,"column":21}},"26":{"start":{"line":46,"column":23},"end":{"line":59,"column":3}},"27":{"start":{"line":47,"column":4},"end":{"line":49,"column":5}},"28":{"start":{"line":48,"column":6},"end":{"line":48,"column":13}},"29":{"start":{"line":50,"column":4},"end":{"line":58,"column":5}},"30":{"start":{"line":51,"column":6},"end":{"line":51,"column":46}},"31":{"start":{"line":52,"column":6},"end":{"line":54,"column":8}},"32":{"start":{"line":53,"column":8},"end":{"line":53,"column":58}},"33":{"start":{"line":53,"column":35},"end":{"line":53,"column":57}},"34":{"start":{"line":55,"column":6},"end":{"line":55,"column":26}},"35":{"start":{"line":57,"column":6},"end":{"line":57,"column":25}},"36":{"start":{"line":61,"column":2},"end":{"line":102,"column":4}},"37":{"start":{"line":105,"column":0},"end":{"line":105,"column":21}}},"fnMap":{"0":{"name":"(anonymous_7)","decl":{"start":{"line":19,"column":24},"end":{"line":19,"column":27}},"loc":{"start":{"line":19,"column":29},"end":{"line":103,"column":1}}},"1":{"name":"(anonymous_8)","decl":{"start":{"line":25,"column":26},"end":{"line":25,"column":27}},"loc":{"start":{"line":25,"column":62},"end":{"line":28,"column":3}}},"2":{"name":"(anonymous_9)","decl":{"start":{"line":30,"column":12},"end":{"line":30,"column":15}},"loc":{"start":{"line":30,"column":17},"end":{"line":44,"column":3}}},"3":{"name":"(anonymous_10)","decl":{"start":{"line":31,"column":22},"end":{"line":31,"column":27}},"loc":{"start":{"line":31,"column":53},"end":{"line":42,"column":5}}},"4":{"name":"(anonymous_11)","decl":{"start":{"line":34,"column":58},"end":{"line":34,"column":59}},"loc":{"start":{"line":34,"column":73},"end":{"line":37,"column":10}}},"5":{"name":"(anonymous_12)","decl":{"start":{"line":46,"column":23},"end":{"line":46,"column":28}},"loc":{"start":{"line":46,"column":34},"end":{"line":59,"column":3}}},"6":{"name":"(anonymous_13)","decl":{"start":{"line":52,"column":15},"end":{"line":52,"column":16}},"loc":{"start":{"line":53,"column":8},"end":{"line":53,"column":58}}},"7":{"name":"(anonymous_14)","decl":{"start":{"line":53,"column":25},"end":{"line":53,"column":26}},"loc":{"start":{"line":53,"column":35},"end":{"line":53,"column":57}}}},"branchMap":{"0":{"loc":{"start":{"line":47,"column":4},"end":{"line":49,"column":5}},"type":"if","locations":[{"start":{"line":47,"column":4},"end":{"line":49,"column":5}}]},"1":{"loc":{"start":{"line":73,"column":14},"end":{"line":73,"column":54}},"type":"cond-expr","locations":[{"start":{"line":73,"column":27},"end":{"line":73,"column":48}},{"start":{"line":73,"column":51},"end":{"line":73,"column":54}}]}},"s":{"0":1,"1":1,"2":1,"3":1,"4":1,"5":1,"6":1,"7":1,"8":1,"9":1,"10":1,"11":1,"12":1,"13":1,"14":1,"15":0,"16":0,"17":1,"18":1,"19":1,"20":1,"21":1,"22":2,"23":1,"24":0,"25":1,"26":1,"27":0,"28":0,"29":0,"30":0,"31":0,"32":0,"33":0,"34":0,"35":0,"36":1,"37":1},"f":{"0":1,"1":0,"2":1,"3":1,"4":2,"5":0,"6":0,"7":0},"b":{"0":[0],"1":[0,1]}}
,"F:\\AntTable\\admin\\src\\context\\context.ts": {"path":"F:\\AntTable\\admin\\src\\context\\context.ts","statementMap":{"0":{"start":{"line":1,"column":0},"end":{"line":1,"column":38}},"1":{"start":{"line":7,"column":18},"end":{"line":7,"column":62}},"2":{"start":{"line":9,"column":0},"end":{"line":9,"column":25}}},"fnMap":{},"branchMap":{},"s":{"0":2,"1":2,"2":2},"f":{},"b":{}}
,"F:\\AntTable\\admin\\src\\services\\apiServices.ts": {"path":"F:\\AntTable\\admin\\src\\services\\apiServices.ts","statementMap":{"0":{"start":{"line":1,"column":0},"end":{"line":1,"column":26}},"1":{"start":{"line":4,"column":16},"end":{"line":4,"column":51}},"2":{"start":{"line":6,"column":26},"end":{"line":21,"column":1}},"3":{"start":{"line":10,"column":2},"end":{"line":20,"column":3}},"4":{"start":{"line":11,"column":16},"end":{"line":11,"column":47}},"5":{"start":{"line":12,"column":21},"end":{"line":16,"column":6}},"6":{"start":{"line":17,"column":4},"end":{"line":17,"column":25}},"7":{"start":{"line":19,"column":4},"end":{"line":19,"column":23}},"8":{"start":{"line":6,"column":13},"end":{"line":6,"column":26}},"9":{"start":{"line":23,"column":26},"end":{"line":37,"column":1}},"10":{"start":{"line":24,"column":2},"end":{"line":36,"column":3}},"11":{"start":{"line":25,"column":21},"end":{"line":31,"column":null}},"12":{"start":{"line":33,"column":4},"end":{"line":33,"column":30}},"13":{"start":{"line":35,"column":4},"end":{"line":35,"column":23}},"14":{"start":{"line":23,"column":13},"end":{"line":23,"column":26}},"15":{"start":{"line":39,"column":24},"end":{"line":50,"column":1}},"16":{"start":{"line":40,"column":2},"end":{"line":49,"column":3}},"17":{"start":{"line":41,"column":21},"end":{"line":45,"column":6}},"18":{"start":{"line":46,"column":4},"end":{"line":46,"column":25}},"19":{"start":{"line":48,"column":4},"end":{"line":48,"column":23}},"20":{"start":{"line":39,"column":13},"end":{"line":39,"column":24}},"21":{"start":{"line":52,"column":26},"end":{"line":63,"column":1}},"22":{"start":{"line":53,"column":2},"end":{"line":62,"column":3}},"23":{"start":{"line":54,"column":21},"end":{"line":58,"column":6}},"24":{"start":{"line":59,"column":4},"end":{"line":59,"column":25}},"25":{"start":{"line":61,"column":4},"end":{"line":61,"column":23}},"26":{"start":{"line":52,"column":13},"end":{"line":52,"column":26}},"27":{"start":{"line":65,"column":26},"end":{"line":79,"column":1}},"28":{"start":{"line":66,"column":2},"end":{"line":78,"column":3}},"29":{"start":{"line":67,"column":21},"end":{"line":73,"column":null}},"30":{"start":{"line":75,"column":4},"end":{"line":75,"column":25}},"31":{"start":{"line":77,"column":4},"end":{"line":77,"column":23}},"32":{"start":{"line":65,"column":13},"end":{"line":65,"column":26}},"33":{"start":{"line":81,"column":29},"end":{"line":92,"column":1}},"34":{"start":{"line":82,"column":2},"end":{"line":91,"column":3}},"35":{"start":{"line":83,"column":21},"end":{"line":87,"column":6}},"36":{"start":{"line":88,"column":4},"end":{"line":88,"column":25}},"37":{"start":{"line":90,"column":4},"end":{"line":90,"column":23}},"38":{"start":{"line":81,"column":13},"end":{"line":81,"column":29}}},"fnMap":{"0":{"name":"(anonymous_1)","decl":{"start":{"line":6,"column":26},"end":{"line":6,"column":31}},"loc":{"start":{"line":9,"column":4},"end":{"line":21,"column":1}}},"1":{"name":"(anonymous_2)","decl":{"start":{"line":23,"column":26},"end":{"line":23,"column":31}},"loc":{"start":{"line":23,"column":69},"end":{"line":37,"column":1}}},"2":{"name":"(anonymous_3)","decl":{"start":{"line":39,"column":24},"end":{"line":39,"column":29}},"loc":{"start":{"line":39,"column":55},"end":{"line":50,"column":1}}},"3":{"name":"(anonymous_4)","decl":{"start":{"line":52,"column":26},"end":{"line":52,"column":31}},"loc":{"start":{"line":52,"column":76},"end":{"line":63,"column":1}}},"4":{"name":"(anonymous_5)","decl":{"start":{"line":65,"column":26},"end":{"line":65,"column":31}},"loc":{"start":{"line":65,"column":69},"end":{"line":79,"column":1}}},"5":{"name":"(anonymous_6)","decl":{"start":{"line":81,"column":29},"end":{"line":81,"column":34}},"loc":{"start":{"line":81,"column":60},"end":{"line":92,"column":1}}}},"branchMap":{},"s":{"0":1,"1":1,"2":1,"3":0,"4":0,"5":0,"6":0,"7":0,"8":1,"9":1,"10":0,"11":0,"12":0,"13":0,"14":1,"15":1,"16":0,"17":0,"18":0,"19":0,"20":1,"21":1,"22":0,"23":0,"24":0,"25":0,"26":1,"27":1,"28":0,"29":0,"30":0,"31":0,"32":1,"33":1,"34":0,"35":0,"36":0,"37":0,"38":1},"f":{"0":0,"1":0,"2":0,"3":0,"4":0,"5":0},"b":{}}
}
