TN:
SF:src\components\auth\Login.tsx
FN:7,(anonymous_1)
FN:10,(anonymous_2)
FN:14,(anonymous_3)
FNF:3
FNH:3
FNDA:2,(anonymous_1)
FNDA:1,(anonymous_2)
FNDA:1,(anonymous_3)
DA:1,1
DA:2,1
DA:3,1
DA:4,1
DA:5,1
DA:7,1
DA:8,2
DA:9,2
DA:10,2
DA:11,1
DA:14,2
DA:15,1
DA:16,1
DA:17,1
DA:19,1
DA:22,2
DA:55,1
LF:17
LH:17
BRDA:16,0,0,1
BRDA:37,1,0,2
BRDA:37,1,1,1
BRF:3
BRH:3
end_of_record
TN:
SF:src\components\auth\PageNotFound.tsx
FN:8,(anonymous_1)
FNF:1
FNH:1
FNDA:2,(anonymous_1)
DA:2,1
DA:3,1
DA:4,1
DA:5,1
DA:6,1
DA:8,1
DA:9,2
DA:41,1
LF:8
LH:8
BRF:0
BRH:0
end_of_record
TN:
SF:src\components\layouts\Layout.tsx
FN:6,(anonymous_1)
FNF:1
FNH:1
FNDA:5,(anonymous_1)
DA:1,3
DA:2,3
DA:3,3
DA:6,3
DA:7,5
DA:18,3
LF:6
LH:6
BRF:0
BRH:0
end_of_record
TN:
SF:src\components\layouts\MiniDrawer.tsx
FN:26,(anonymous_7)
FN:35,(anonymous_8)
FN:47,(anonymous_9)
FN:60,(anonymous_10)
FN:61,(anonymous_11)
FN:78,(anonymous_12)
FN:79,(anonymous_13)
FN:94,MiniDrawer
FN:98,(anonymous_15)
FN:102,(anonymous_16)
FN:154,(anonymous_17)
FNF:11
FNH:8
FNDA:0,(anonymous_7)
FNDA:10,(anonymous_8)
FNDA:10,(anonymous_9)
FNDA:18,(anonymous_10)
FNDA:5,(anonymous_11)
FNDA:18,(anonymous_12)
FNDA:5,(anonymous_13)
FNDA:5,MiniDrawer
FNDA:0,(anonymous_15)
FNDA:0,(anonymous_16)
FNDA:10,(anonymous_17)
DA:1,3
DA:2,3
DA:3,3
DA:4,3
DA:5,3
DA:6,3
DA:7,3
DA:8,3
DA:9,3
DA:10,3
DA:11,3
DA:12,3
DA:13,3
DA:14,3
DA:15,3
DA:16,3
DA:17,3
DA:18,3
DA:19,3
DA:20,3
DA:21,3
DA:22,3
DA:24,3
DA:26,3
DA:35,10
DA:47,10
DA:59,3
DA:60,18
DA:61,5
DA:77,3
DA:78,18
DA:79,5
DA:94,3
DA:95,5
DA:96,5
DA:98,5
DA:99,0
DA:102,5
DA:103,0
DA:106,5
DA:155,10
LF:41
LH:39
BRDA:67,0,0,5
BRDA:67,0,1,0
BRDA:84,1,0,5
BRDA:84,1,1,0
BRDA:88,2,0,5
BRDA:88,2,1,5
BRDA:118,3,0,5
BRDA:118,3,1,0
BRDA:136,4,0,0
BRDA:136,4,1,5
BRDA:161,5,0,0
BRDA:161,5,1,10
BRDA:168,6,0,0
BRDA:168,6,1,10
BRDA:174,7,0,0
BRDA:174,7,1,10
BRF:16
BRH:9
end_of_record
TN:
SF:src\components\pages\Add.tsx
FN:19,(anonymous_7)
FN:47,(anonymous_8)
FN:90,(anonymous_9)
FN:101,(anonymous_10)
FNF:4
FNH:1
FNDA:7,(anonymous_7)
FNDA:0,(anonymous_8)
FNDA:0,(anonymous_9)
FNDA:0,(anonymous_10)
DA:1,1
DA:2,1
DA:13,1
DA:15,1
DA:16,1
DA:17,1
DA:19,1
DA:20,7
DA:31,6
DA:42,6
DA:44,6
DA:45,6
DA:47,2
DA:48,0
DA:49,0
DA:57,0
DA:58,0
DA:59,0
DA:61,0
DA:62,0
DA:63,0
DA:65,0
DA:66,0
DA:67,0
DA:70,0
DA:71,0
DA:72,0
DA:73,0
DA:76,0
DA:77,0
DA:78,0
DA:80,0
DA:81,0
DA:82,0
DA:85,0
DA:86,0
DA:87,0
DA:90,2
DA:91,0
DA:93,0
DA:98,0
DA:101,2
DA:102,0
DA:104,0
DA:105,0
DA:106,0
DA:107,0
DA:108,0
DA:110,0
DA:114,2
DA:300,1
LF:51
LH:17
BRDA:57,0,0,0
BRDA:61,1,0,0
BRDA:65,2,0,0
BRDA:71,3,0,0
BRDA:76,4,0,0
BRDA:80,5,0,0
BRDA:218,6,0,2
BRDA:218,6,1,2
BRF:8
BRH:2
end_of_record
TN:
SF:src\components\pages\Table.tsx
FN:19,(anonymous_7)
FN:25,(anonymous_8)
FN:30,(anonymous_9)
FN:31,(anonymous_10)
FN:34,(anonymous_11)
FN:46,(anonymous_12)
FN:52,(anonymous_13)
FN:53,(anonymous_14)
FNF:8
FNH:4
FNDA:1,(anonymous_7)
FNDA:0,(anonymous_8)
FNDA:1,(anonymous_9)
FNDA:1,(anonymous_10)
FNDA:2,(anonymous_11)
FNDA:0,(anonymous_12)
FNDA:0,(anonymous_13)
FNDA:0,(anonymous_14)
DA:1,1
DA:2,1
DA:3,1
DA:4,1
DA:5,1
DA:6,1
DA:7,1
DA:8,1
DA:9,1
DA:11,1
DA:19,1
DA:20,1
DA:21,1
DA:23,1
DA:25,1
DA:26,0
DA:27,0
DA:30,1
DA:31,1
DA:32,1
DA:33,1
DA:34,2
DA:38,1
DA:40,0
DA:43,1
DA:46,1
DA:47,0
DA:48,0
DA:50,0
DA:51,0
DA:52,0
DA:53,0
DA:55,0
DA:57,0
DA:61,1
DA:105,1
LF:36
LH:25
BRDA:47,0,0,0
BRDA:73,1,0,0
BRDA:73,1,1,1
BRF:3
BRH:1
end_of_record
TN:
SF:src\context\context.ts
FNF:0
FNH:0
DA:1,2
DA:7,2
DA:9,2
LF:3
LH:3
BRF:0
BRH:0
end_of_record
TN:
SF:src\services\apiServices.ts
FN:6,(anonymous_1)
FN:23,(anonymous_2)
FN:39,(anonymous_3)
FN:52,(anonymous_4)
FN:65,(anonymous_5)
FN:81,(anonymous_6)
FNF:6
FNH:0
FNDA:0,(anonymous_1)
FNDA:0,(anonymous_2)
FNDA:0,(anonymous_3)
FNDA:0,(anonymous_4)
FNDA:0,(anonymous_5)
FNDA:0,(anonymous_6)
DA:1,1
DA:4,1
DA:6,1
DA:10,0
DA:11,0
DA:12,0
DA:17,0
DA:19,0
DA:23,1
DA:24,0
DA:25,0
DA:33,0
DA:35,0
DA:39,1
DA:40,0
DA:41,0
DA:46,0
DA:48,0
DA:52,1
DA:53,0
DA:54,0
DA:59,0
DA:61,0
DA:65,1
DA:66,0
DA:67,0
DA:75,0
DA:77,0
DA:81,1
DA:82,0
DA:83,0
DA:88,0
DA:90,0
LF:33
LH:8
BRF:0
BRH:0
end_of_record
